<?xml version="1.0" encoding="UTF-8"?>
<!-- Generated by org.testng.reporters.JUnitXMLReporter -->
<testsuite hostname="Pradeep" ignored="2" name="Command line test" tests="4" failures="0" timestamp="2022-02-01T20:43:38 IST" time="15.342" errors="0">
  <testcase name="@BeforeMethod configBM" time="0.0" classname="com.vtiger.comcast.gereriUtility.basic_annotations">
    <failure type="java.lang.NullPointerException">
      <![CDATA[java.lang.NullPointerException
at com.vtiger.comcast.gereriUtility.basic_annotations.configBM(basic_annotations.java:63)
at java.util.ArrayList.forEach(ArrayList.java:1259)
... Removed 41 stack frames]]>
    </failure>
  </testcase> <!-- @BeforeMethod configBM -->
  <testcase name="@AfterMethod configAM" time="-1.643728407836E9" classname="com.vtiger.comcast.gereriUtility.basic_annotations">
    <skipped/>
  </testcase> <!-- @AfterMethod configAM -->
  <testcase name="@BeforeMethod configBM" time="-1.643728407836E9" classname="com.vtiger.comcast.gereriUtility.basic_annotations">
    <skipped/>
  </testcase> <!-- @BeforeMethod configBM -->
  <testcase name="@AfterMethod configAM" time="-1.643728407836E9" classname="com.vtiger.comcast.gereriUtility.basic_annotations">
    <skipped/>
  </testcase> <!-- @AfterMethod configAM -->
  <testcase name="@AfterClass configAC" time="-1.643728407836E9" classname="com.vtiger.comcast.gereriUtility.basic_annotations">
    <skipped/>
  </testcase> <!-- @AfterClass configAC -->
  <testcase name="@BeforeClass configBC" time="10.186" classname="com.vtiger.comcast.gereriUtility.basic_annotations">
    <failure type="org.openqa.selenium.WebDriverException" message="unknown error: Chrome failed to start: exited normally.
  (chrome not reachable)
  (The process started from chrome location C:\Program Files (x86)\Google\Chrome\Application\chrome.exe is no longer running, so ChromeDriver is assuming that Chrome has crashed.)
Build info: version: &amp;apos;3.141.59&amp;apos;, revision: &amp;apos;e82be7d358&amp;apos;, time: &amp;apos;2018-11-14T08:17:03&amp;apos;
System info: host: &amp;apos;PRADEEP&amp;apos;, ip: &amp;apos;192.168.25.1&amp;apos;, os.name: &amp;apos;Windows 8.1&amp;apos;, os.arch: &amp;apos;amd64&amp;apos;, os.version: &amp;apos;6.3&amp;apos;, java.version: &amp;apos;1.8.0_281&amp;apos;
Driver info: driver.version: ChromeDriver
remote stacktrace: Backtrace:
	Ordinal0 [0x0143FDC3+2555331]
	Ordinal0 [0x013D77F1+2127857]
	Ordinal0 [0x012D2E08+1060360]
	Ordinal0 [0x012EEA4A+1174090]
	Ordinal0 [0x012EAFC1+1159105]
	Ordinal0 [0x0131C22F+1360431]
	Ordinal0 [0x0131BE9A+1359514]
	Ordinal0 [0x01317976+1341814]
	Ordinal0 [0x012F36B6+1193654]
	Ordinal0 [0x012F4546+1197382]
	GetHandleVerifier [0x015D9622+1619522]
	GetHandleVerifier [0x0168882C+2336844]
	GetHandleVerifier [0x014D23E1+541697]
	GetHandleVerifier [0x014D1443+537699]
	Ordinal0 [0x013DD18E+2150798]
	Ordinal0 [0x013E1518+2168088]
	Ordinal0 [0x013E1660+2168416]
	Ordinal0 [0x013EB330+2208560]
	BaseThreadInitThunk [0x75146A14+36]
	RtlInitializeExceptionChain [0x778AA9EF+143]
	RtlInitializeExceptionChain [0x778AA9BA+90]
">
      <![CDATA[org.openqa.selenium.WebDriverException: unknown error: Chrome failed to start: exited normally.
  (chrome not reachable)
  (The process started from chrome location C:\Program Files (x86)\Google\Chrome\Application\chrome.exe is no longer running, so ChromeDriver is assuming that Chrome has crashed.)
Build info: version: '3.141.59', revision: 'e82be7d358', time: '2018-11-14T08:17:03'
System info: host: 'PRADEEP', ip: '192.168.25.1', os.name: 'Windows 8.1', os.arch: 'amd64', os.version: '6.3', java.version: '1.8.0_281'
Driver info: driver.version: ChromeDriver
remote stacktrace: Backtrace:
Ordinal0 [0x0143FDC3+2555331]
Ordinal0 [0x013D77F1+2127857]
Ordinal0 [0x012D2E08+1060360]
Ordinal0 [0x012EEA4A+1174090]
Ordinal0 [0x012EAFC1+1159105]
Ordinal0 [0x0131C22F+1360431]
Ordinal0 [0x0131BE9A+1359514]
Ordinal0 [0x01317976+1341814]
Ordinal0 [0x012F36B6+1193654]
Ordinal0 [0x012F4546+1197382]
GetHandleVerifier [0x015D9622+1619522]
GetHandleVerifier [0x0168882C+2336844]
GetHandleVerifier [0x014D23E1+541697]
GetHandleVerifier [0x014D1443+537699]
Ordinal0 [0x013DD18E+2150798]
Ordinal0 [0x013E1518+2168088]
Ordinal0 [0x013E1660+2168416]
Ordinal0 [0x013EB330+2208560]
BaseThreadInitThunk [0x75146A14+36]
RtlInitializeExceptionChain [0x778AA9EF+143]
RtlInitializeExceptionChain [0x778AA9BA+90]

at org.openqa.selenium.remote.W3CHandshakeResponse.lambda$errorHandler$0(W3CHandshakeResponse.java:62)
at org.openqa.selenium.remote.HandshakeResponse.lambda$getResponseFunction$0(HandshakeResponse.java:30)
at org.openqa.selenium.remote.ProtocolHandshake.lambda$createSession$0(ProtocolHandshake.java:126)
at java.util.stream.ReferencePipeline$3$1.accept(ReferencePipeline.java:193)
at java.util.Spliterators$ArraySpliterator.tryAdvance(Spliterators.java:958)
at java.util.stream.ReferencePipeline.forEachWithCancel(ReferencePipeline.java:126)
at java.util.stream.AbstractPipeline.copyIntoWithCancel(AbstractPipeline.java:499)
at java.util.stream.AbstractPipeline.copyInto(AbstractPipeline.java:486)
at java.util.stream.AbstractPipeline.wrapAndCopyInto(AbstractPipeline.java:472)
at java.util.stream.FindOps$FindOp.evaluateSequential(FindOps.java:152)
at java.util.stream.AbstractPipeline.evaluate(AbstractPipeline.java:234)
at java.util.stream.ReferencePipeline.findFirst(ReferencePipeline.java:464)
at org.openqa.selenium.remote.ProtocolHandshake.createSession(ProtocolHandshake.java:128)
at org.openqa.selenium.remote.ProtocolHandshake.createSession(ProtocolHandshake.java:74)
at org.openqa.selenium.remote.HttpCommandExecutor.execute(HttpCommandExecutor.java:136)
at org.openqa.selenium.remote.service.DriverCommandExecutor.execute(DriverCommandExecutor.java:83)
at org.openqa.selenium.remote.RemoteWebDriver.execute(RemoteWebDriver.java:552)
at org.openqa.selenium.remote.RemoteWebDriver.startSession(RemoteWebDriver.java:213)
at org.openqa.selenium.remote.RemoteWebDriver.<init>(RemoteWebDriver.java:131)
at org.openqa.selenium.chrome.ChromeDriver.<init>(ChromeDriver.java:181)
at org.openqa.selenium.chrome.ChromeDriver.<init>(ChromeDriver.java:168)
at org.openqa.selenium.chrome.ChromeDriver.<init>(ChromeDriver.java:123)
at com.vtiger.comcast.gereriUtility.basic_annotations.configBC(basic_annotations.java:47)
at java.util.ArrayList.forEach(ArrayList.java:1259)
... Removed 39 stack frames]]>
    </failure>
  </testcase> <!-- @BeforeClass configBC -->
  <testcase name="@BeforeMethod configBM" time="-1.643728418054E9" classname="com.vtiger.comcast.gereriUtility.basic_annotations">
    <skipped/>
  </testcase> <!-- @BeforeMethod configBM -->
  <testcase name="@AfterMethod configAM" time="-1.643728418062E9" classname="com.vtiger.comcast.gereriUtility.basic_annotations">
    <skipped/>
  </testcase> <!-- @AfterMethod configAM -->
  <testcase name="@BeforeMethod configBM" time="-1.643728418062E9" classname="com.vtiger.comcast.gereriUtility.basic_annotations">
    <skipped/>
  </testcase> <!-- @BeforeMethod configBM -->
  <testcase name="@AfterMethod configAM" time="-1.64372841807E9" classname="com.vtiger.comcast.gereriUtility.basic_annotations">
    <skipped/>
  </testcase> <!-- @AfterMethod configAM -->
  <testcase name="@AfterClass configAC" time="-1.64372841807E9" classname="com.vtiger.comcast.gereriUtility.basic_annotations">
    <skipped/>
  </testcase> <!-- @AfterClass configAC -->
  <testcase name="createContactTest" time="0.0" classname="com.vtiger.comcast.contact.test.Create_contact_Test">
    <skipped/>
  </testcase> <!-- createContactTest -->
  <testcase name="createContactWithOrg" time="0.0" classname="com.vtiger.comcast.contact.test.Create_contact_Test">
    <skipped/>
  </testcase> <!-- createContactWithOrg -->
  <testcase name="createOrgTest" time="0.0" classname="com.vtiger.comcast.organizationtest.CreateOrgTest">
    <skipped/>
  </testcase> <!-- createOrgTest -->
  <testcase name="createOrgWithIndu" time="0.0" classname="com.vtiger.comcast.organizationtest.CreateOrgTest">
    <skipped/>
  </testcase> <!-- createOrgWithIndu -->
  <testcase name="@BeforeSuite configsBS" time="0.0" classname="com.vtiger.comcast.gereriUtility.basic_annotations">
    <ignored/>
  </testcase> <!-- @BeforeSuite configsBS -->
  <testcase name="@AfterSuite configAS" time="0.0" classname="com.vtiger.comcast.gereriUtility.basic_annotations">
    <ignored/>
  </testcase> <!-- @AfterSuite configAS -->
</testsuite> <!-- Command line test -->
