<!DOCTYPE html PUBLIC "-//W3C//DTD XHTML 1.1//EN" "https://www.w3.org/TR/xhtml11/DTD/xhtml11.dtd">
<html xmlns="https://www.w3.org/1999/xhtml">
<head>
<meta http-equiv="content-type" content="text/html; charset=UTF-8"/>
<title>TestNG Report</title>
<style type="text/css">table {margin-bottom:10px;border-collapse:collapse;empty-cells:show}th,td {border:1px solid #009;padding:.25em .5em}th {vertical-align:bottom}td {vertical-align:top}table a {font-weight:bold}.stripe td {background-color: #E6EBF9}.num {text-align:right}.passedodd td {background-color: #3F3}.passedeven td {background-color: #0A0}.skippedodd td {background-color: #DDD}.skippedeven td {background-color: #CCC}.failedodd td,.attn {background-color: #F33}.failedeven td,.stripe .attn {background-color: #D00}.stacktrace {white-space:pre;font-family:monospace}.totop {font-size:85%;text-align:center;border-bottom:2px solid #000}.invisible {display:none}</style>
</head>
<body>
<table>
<tr><th>Test</th><th># Passed</th><th># Skipped</th><th># Retried</th><th># Failed</th><th>Time (ms)</th><th>Included Groups</th><th>Excluded Groups</th></tr>
<tr><th colspan="8">Command line suite</th></tr>
<tr><td><a href="#t0">Command line test</a></td><td class="num">0</td><td class="num attn">4</td><td class="num">0</td><td class="num">0</td><td class="num">15,342</td><td></td><td></td></tr>
</table>
<table id='summary'><thead><tr><th>Class</th><th>Method</th><th>Start</th><th>Time (ms)</th></tr></thead><tbody><tr><th colspan="4">Command line suite</th></tr></tbody><tbody id="t0"><tr><th colspan="4">Command line test &#8212; failed (configuration methods)</th></tr><tr class="failedeven"><td rowspan="1">com.vtiger.comcast.contact.test.Create_contact_Test</td><td><a href="#m0">configBM</a></td><td rowspan="1">1643728407820</td><td rowspan="1">0</td></tr><tr class="failedodd"><td rowspan="1">com.vtiger.comcast.organizationtest.CreateOrgTest</td><td><a href="#m1">configBC</a></td><td rowspan="1">1643728407836</td><td rowspan="1">10186</td></tr><tr><th colspan="4">Command line test &#8212; skipped (configuration methods)</th></tr><tr class="skippedeven"><td rowspan="4">com.vtiger.comcast.contact.test.Create_contact_Test</td><td><a href="#m2">configAC</a></td><td rowspan="1">1643728407836</td><td rowspan="1">-1643728407836</td></tr><tr class="skippedeven"><td><a href="#m3">configAM</a></td><td rowspan="2">1643728407836</td><td rowspan="2">-1643728407836</td></tr><tr class="skippedeven"><td><a href="#m4">configAM</a></td></tr><tr class="skippedeven"><td><a href="#m5">configBM</a></td><td rowspan="1">1643728407836</td><td rowspan="1">-1643728407836</td></tr><tr class="skippedodd"><td rowspan="5">com.vtiger.comcast.organizationtest.CreateOrgTest</td><td><a href="#m6">configAC</a></td><td rowspan="1">1643728418070</td><td rowspan="1">-1643728418070</td></tr><tr class="skippedodd"><td><a href="#m7">configAM</a></td><td rowspan="2">1643728418070</td><td rowspan="2">-1643728418070</td></tr><tr class="skippedodd"><td><a href="#m8">configAM</a></td></tr><tr class="skippedodd"><td><a href="#m9">configBM</a></td><td rowspan="2">1643728418062</td><td rowspan="2">-1643728418062</td></tr><tr class="skippedodd"><td><a href="#m10">configBM</a></td></tr><tr><th colspan="4">Command line test &#8212; skipped</th></tr><tr class="skippedeven"><td rowspan="2">com.vtiger.comcast.contact.test.Create_contact_Test</td><td><a href="#m11">createContactTest</a></td><td rowspan="1">1643728407836</td><td rowspan="1">0</td></tr><tr class="skippedeven"><td><a href="#m12">createContactWithOrg</a></td><td rowspan="1">1643728407836</td><td rowspan="1">0</td></tr><tr class="skippedodd"><td rowspan="2">com.vtiger.comcast.organizationtest.CreateOrgTest</td><td><a href="#m13">createOrgTest</a></td><td rowspan="1">1643728418062</td><td rowspan="1">0</td></tr><tr class="skippedodd"><td><a href="#m14">createOrgWithIndu</a></td><td rowspan="1">1643728418070</td><td rowspan="1">0</td></tr></tbody>
</table>
<h2>Command line test</h2><h3 id="m0">com.vtiger.comcast.contact.test.Create_contact_Test#configBM</h3><table class="result"><tr><th>Exception</th></tr><tr><td><div class="stacktrace">java.lang.NullPointerException
	at com.vtiger.comcast.gereriUtility.basic_annotations.configBM(basic_annotations.java:63)
	at java.util.ArrayList.forEach(ArrayList.java:1259)
... Removed 41 stack frames</div></td></tr></table><p class="totop"><a href="#summary">back to summary</a></p>
<h3 id="m1">com.vtiger.comcast.organizationtest.CreateOrgTest#configBC</h3><table class="result"><tr><th>Exception</th></tr><tr><td><div class="stacktrace">org.openqa.selenium.WebDriverException: unknown error: Chrome failed to start: exited normally.
  (chrome not reachable)
  (The process started from chrome location C:\Program Files (x86)\Google\Chrome\Application\chrome.exe is no longer running, so ChromeDriver is assuming that Chrome has crashed.)
Build info: version: &apos;3.141.59&apos;, revision: &apos;e82be7d358&apos;, time: &apos;2018-11-14T08:17:03&apos;
System info: host: &apos;PRADEEP&apos;, ip: &apos;192.168.25.1&apos;, os.name: &apos;Windows 8.1&apos;, os.arch: &apos;amd64&apos;, os.version: &apos;6.3&apos;, java.version: &apos;1.8.0_281&apos;
Driver info: driver.version: ChromeDriver
remote stacktrace: Backtrace:
	Ordinal0 [0x0143FDC3+2555331]
	Ordinal0 [0x013D77F1+2127857]
	Ordinal0 [0x012D2E08+1060360]
	Ordinal0 [0x012EEA4A+1174090]
	Ordinal0 [0x012EAFC1+1159105]
	Ordinal0 [0x0131C22F+1360431]
	Ordinal0 [0x0131BE9A+1359514]
	Ordinal0 [0x01317976+1341814]
	Ordinal0 [0x012F36B6+1193654]
	Ordinal0 [0x012F4546+1197382]
	GetHandleVerifier [0x015D9622+1619522]
	GetHandleVerifier [0x0168882C+2336844]
	GetHandleVerifier [0x014D23E1+541697]
	GetHandleVerifier [0x014D1443+537699]
	Ordinal0 [0x013DD18E+2150798]
	Ordinal0 [0x013E1518+2168088]
	Ordinal0 [0x013E1660+2168416]
	Ordinal0 [0x013EB330+2208560]
	BaseThreadInitThunk [0x75146A14+36]
	RtlInitializeExceptionChain [0x778AA9EF+143]
	RtlInitializeExceptionChain [0x778AA9BA+90]

	at org.openqa.selenium.remote.W3CHandshakeResponse.lambda$errorHandler$0(W3CHandshakeResponse.java:62)
	at org.openqa.selenium.remote.HandshakeResponse.lambda$getResponseFunction$0(HandshakeResponse.java:30)
	at org.openqa.selenium.remote.ProtocolHandshake.lambda$createSession$0(ProtocolHandshake.java:126)
	at java.util.stream.ReferencePipeline$3$1.accept(ReferencePipeline.java:193)
	at java.util.Spliterators$ArraySpliterator.tryAdvance(Spliterators.java:958)
	at java.util.stream.ReferencePipeline.forEachWithCancel(ReferencePipeline.java:126)
	at java.util.stream.AbstractPipeline.copyIntoWithCancel(AbstractPipeline.java:499)
	at java.util.stream.AbstractPipeline.copyInto(AbstractPipeline.java:486)
	at java.util.stream.AbstractPipeline.wrapAndCopyInto(AbstractPipeline.java:472)
	at java.util.stream.FindOps$FindOp.evaluateSequential(FindOps.java:152)
	at java.util.stream.AbstractPipeline.evaluate(AbstractPipeline.java:234)
	at java.util.stream.ReferencePipeline.findFirst(ReferencePipeline.java:464)
	at org.openqa.selenium.remote.ProtocolHandshake.createSession(ProtocolHandshake.java:128)
	at org.openqa.selenium.remote.ProtocolHandshake.createSession(ProtocolHandshake.java:74)
	at org.openqa.selenium.remote.HttpCommandExecutor.execute(HttpCommandExecutor.java:136)
	at org.openqa.selenium.remote.service.DriverCommandExecutor.execute(DriverCommandExecutor.java:83)
	at org.openqa.selenium.remote.RemoteWebDriver.execute(RemoteWebDriver.java:552)
	at org.openqa.selenium.remote.RemoteWebDriver.startSession(RemoteWebDriver.java:213)
	at org.openqa.selenium.remote.RemoteWebDriver.&lt;init&gt;(RemoteWebDriver.java:131)
	at org.openqa.selenium.chrome.ChromeDriver.&lt;init&gt;(ChromeDriver.java:181)
	at org.openqa.selenium.chrome.ChromeDriver.&lt;init&gt;(ChromeDriver.java:168)
	at org.openqa.selenium.chrome.ChromeDriver.&lt;init&gt;(ChromeDriver.java:123)
	at com.vtiger.comcast.gereriUtility.basic_annotations.configBC(basic_annotations.java:47)
	at java.util.ArrayList.forEach(ArrayList.java:1259)
... Removed 39 stack frames</div></td></tr></table><p class="totop"><a href="#summary">back to summary</a></p>
<h3 id="m2">com.vtiger.comcast.contact.test.Create_contact_Test#configAC</h3><table class="result"><tr><th class="invisible"/></tr></table><p class="totop"><a href="#summary">back to summary</a></p>
<h3 id="m3">com.vtiger.comcast.contact.test.Create_contact_Test#configAM</h3><table class="result"><tr><th class="invisible"/></tr></table><p class="totop"><a href="#summary">back to summary</a></p>
<h3 id="m4">com.vtiger.comcast.contact.test.Create_contact_Test#configAM</h3><table class="result"><tr><th class="invisible"/></tr></table><p class="totop"><a href="#summary">back to summary</a></p>
<h3 id="m5">com.vtiger.comcast.contact.test.Create_contact_Test#configBM</h3><table class="result"><tr><th class="invisible"/></tr></table><p class="totop"><a href="#summary">back to summary</a></p>
<h3 id="m6">com.vtiger.comcast.organizationtest.CreateOrgTest#configAC</h3><table class="result"><tr><th class="invisible"/></tr></table><p class="totop"><a href="#summary">back to summary</a></p>
<h3 id="m7">com.vtiger.comcast.organizationtest.CreateOrgTest#configAM</h3><table class="result"><tr><th class="invisible"/></tr></table><p class="totop"><a href="#summary">back to summary</a></p>
<h3 id="m8">com.vtiger.comcast.organizationtest.CreateOrgTest#configAM</h3><table class="result"><tr><th class="invisible"/></tr></table><p class="totop"><a href="#summary">back to summary</a></p>
<h3 id="m9">com.vtiger.comcast.organizationtest.CreateOrgTest#configBM</h3><table class="result"><tr><th class="invisible"/></tr></table><p class="totop"><a href="#summary">back to summary</a></p>
<h3 id="m10">com.vtiger.comcast.organizationtest.CreateOrgTest#configBM</h3><table class="result"><tr><th class="invisible"/></tr></table><p class="totop"><a href="#summary">back to summary</a></p>
<h3 id="m11">com.vtiger.comcast.contact.test.Create_contact_Test#createContactTest</h3><table class="result"><tr><th>Exception</th></tr><tr><td><div class="stacktrace">java.lang.NullPointerException
	at com.vtiger.comcast.gereriUtility.basic_annotations.configBM(basic_annotations.java:63)
	at java.util.ArrayList.forEach(ArrayList.java:1259)
... Removed 41 stack frames</div></td></tr></table><p class="totop"><a href="#summary">back to summary</a></p>
<h3 id="m12">com.vtiger.comcast.contact.test.Create_contact_Test#createContactWithOrg</h3><table class="result"><tr><th>Exception</th></tr><tr><td><div class="stacktrace">java.lang.NullPointerException
	at com.vtiger.comcast.gereriUtility.basic_annotations.configBM(basic_annotations.java:63)
	at java.util.ArrayList.forEach(ArrayList.java:1259)
... Removed 41 stack frames</div></td></tr></table><p class="totop"><a href="#summary">back to summary</a></p>
<h3 id="m13">com.vtiger.comcast.organizationtest.CreateOrgTest#createOrgTest</h3><table class="result"><tr><th>Exception</th></tr><tr><td><div class="stacktrace">org.openqa.selenium.WebDriverException: unknown error: Chrome failed to start: exited normally.
  (chrome not reachable)
  (The process started from chrome location C:\Program Files (x86)\Google\Chrome\Application\chrome.exe is no longer running, so ChromeDriver is assuming that Chrome has crashed.)
Build info: version: &apos;3.141.59&apos;, revision: &apos;e82be7d358&apos;, time: &apos;2018-11-14T08:17:03&apos;
System info: host: &apos;PRADEEP&apos;, ip: &apos;192.168.25.1&apos;, os.name: &apos;Windows 8.1&apos;, os.arch: &apos;amd64&apos;, os.version: &apos;6.3&apos;, java.version: &apos;1.8.0_281&apos;
Driver info: driver.version: ChromeDriver
remote stacktrace: Backtrace:
	Ordinal0 [0x0143FDC3+2555331]
	Ordinal0 [0x013D77F1+2127857]
	Ordinal0 [0x012D2E08+1060360]
	Ordinal0 [0x012EEA4A+1174090]
	Ordinal0 [0x012EAFC1+1159105]
	Ordinal0 [0x0131C22F+1360431]
	Ordinal0 [0x0131BE9A+1359514]
	Ordinal0 [0x01317976+1341814]
	Ordinal0 [0x012F36B6+1193654]
	Ordinal0 [0x012F4546+1197382]
	GetHandleVerifier [0x015D9622+1619522]
	GetHandleVerifier [0x0168882C+2336844]
	GetHandleVerifier [0x014D23E1+541697]
	GetHandleVerifier [0x014D1443+537699]
	Ordinal0 [0x013DD18E+2150798]
	Ordinal0 [0x013E1518+2168088]
	Ordinal0 [0x013E1660+2168416]
	Ordinal0 [0x013EB330+2208560]
	BaseThreadInitThunk [0x75146A14+36]
	RtlInitializeExceptionChain [0x778AA9EF+143]
	RtlInitializeExceptionChain [0x778AA9BA+90]

	at org.openqa.selenium.remote.W3CHandshakeResponse.lambda$errorHandler$0(W3CHandshakeResponse.java:62)
	at org.openqa.selenium.remote.HandshakeResponse.lambda$getResponseFunction$0(HandshakeResponse.java:30)
	at org.openqa.selenium.remote.ProtocolHandshake.lambda$createSession$0(ProtocolHandshake.java:126)
	at java.util.stream.ReferencePipeline$3$1.accept(ReferencePipeline.java:193)
	at java.util.Spliterators$ArraySpliterator.tryAdvance(Spliterators.java:958)
	at java.util.stream.ReferencePipeline.forEachWithCancel(ReferencePipeline.java:126)
	at java.util.stream.AbstractPipeline.copyIntoWithCancel(AbstractPipeline.java:499)
	at java.util.stream.AbstractPipeline.copyInto(AbstractPipeline.java:486)
	at java.util.stream.AbstractPipeline.wrapAndCopyInto(AbstractPipeline.java:472)
	at java.util.stream.FindOps$FindOp.evaluateSequential(FindOps.java:152)
	at java.util.stream.AbstractPipeline.evaluate(AbstractPipeline.java:234)
	at java.util.stream.ReferencePipeline.findFirst(ReferencePipeline.java:464)
	at org.openqa.selenium.remote.ProtocolHandshake.createSession(ProtocolHandshake.java:128)
	at org.openqa.selenium.remote.ProtocolHandshake.createSession(ProtocolHandshake.java:74)
	at org.openqa.selenium.remote.HttpCommandExecutor.execute(HttpCommandExecutor.java:136)
	at org.openqa.selenium.remote.service.DriverCommandExecutor.execute(DriverCommandExecutor.java:83)
	at org.openqa.selenium.remote.RemoteWebDriver.execute(RemoteWebDriver.java:552)
	at org.openqa.selenium.remote.RemoteWebDriver.startSession(RemoteWebDriver.java:213)
	at org.openqa.selenium.remote.RemoteWebDriver.&lt;init&gt;(RemoteWebDriver.java:131)
	at org.openqa.selenium.chrome.ChromeDriver.&lt;init&gt;(ChromeDriver.java:181)
	at org.openqa.selenium.chrome.ChromeDriver.&lt;init&gt;(ChromeDriver.java:168)
	at org.openqa.selenium.chrome.ChromeDriver.&lt;init&gt;(ChromeDriver.java:123)
	at com.vtiger.comcast.gereriUtility.basic_annotations.configBC(basic_annotations.java:47)
	at java.util.ArrayList.forEach(ArrayList.java:1259)
... Removed 39 stack frames</div></td></tr></table><p class="totop"><a href="#summary">back to summary</a></p>
<h3 id="m14">com.vtiger.comcast.organizationtest.CreateOrgTest#createOrgWithIndu</h3><table class="result"><tr><th>Exception</th></tr><tr><td><div class="stacktrace">org.openqa.selenium.WebDriverException: unknown error: Chrome failed to start: exited normally.
  (chrome not reachable)
  (The process started from chrome location C:\Program Files (x86)\Google\Chrome\Application\chrome.exe is no longer running, so ChromeDriver is assuming that Chrome has crashed.)
Build info: version: &apos;3.141.59&apos;, revision: &apos;e82be7d358&apos;, time: &apos;2018-11-14T08:17:03&apos;
System info: host: &apos;PRADEEP&apos;, ip: &apos;192.168.25.1&apos;, os.name: &apos;Windows 8.1&apos;, os.arch: &apos;amd64&apos;, os.version: &apos;6.3&apos;, java.version: &apos;1.8.0_281&apos;
Driver info: driver.version: ChromeDriver
remote stacktrace: Backtrace:
	Ordinal0 [0x0143FDC3+2555331]
	Ordinal0 [0x013D77F1+2127857]
	Ordinal0 [0x012D2E08+1060360]
	Ordinal0 [0x012EEA4A+1174090]
	Ordinal0 [0x012EAFC1+1159105]
	Ordinal0 [0x0131C22F+1360431]
	Ordinal0 [0x0131BE9A+1359514]
	Ordinal0 [0x01317976+1341814]
	Ordinal0 [0x012F36B6+1193654]
	Ordinal0 [0x012F4546+1197382]
	GetHandleVerifier [0x015D9622+1619522]
	GetHandleVerifier [0x0168882C+2336844]
	GetHandleVerifier [0x014D23E1+541697]
	GetHandleVerifier [0x014D1443+537699]
	Ordinal0 [0x013DD18E+2150798]
	Ordinal0 [0x013E1518+2168088]
	Ordinal0 [0x013E1660+2168416]
	Ordinal0 [0x013EB330+2208560]
	BaseThreadInitThunk [0x75146A14+36]
	RtlInitializeExceptionChain [0x778AA9EF+143]
	RtlInitializeExceptionChain [0x778AA9BA+90]

	at org.openqa.selenium.remote.W3CHandshakeResponse.lambda$errorHandler$0(W3CHandshakeResponse.java:62)
	at org.openqa.selenium.remote.HandshakeResponse.lambda$getResponseFunction$0(HandshakeResponse.java:30)
	at org.openqa.selenium.remote.ProtocolHandshake.lambda$createSession$0(ProtocolHandshake.java:126)
	at java.util.stream.ReferencePipeline$3$1.accept(ReferencePipeline.java:193)
	at java.util.Spliterators$ArraySpliterator.tryAdvance(Spliterators.java:958)
	at java.util.stream.ReferencePipeline.forEachWithCancel(ReferencePipeline.java:126)
	at java.util.stream.AbstractPipeline.copyIntoWithCancel(AbstractPipeline.java:499)
	at java.util.stream.AbstractPipeline.copyInto(AbstractPipeline.java:486)
	at java.util.stream.AbstractPipeline.wrapAndCopyInto(AbstractPipeline.java:472)
	at java.util.stream.FindOps$FindOp.evaluateSequential(FindOps.java:152)
	at java.util.stream.AbstractPipeline.evaluate(AbstractPipeline.java:234)
	at java.util.stream.ReferencePipeline.findFirst(ReferencePipeline.java:464)
	at org.openqa.selenium.remote.ProtocolHandshake.createSession(ProtocolHandshake.java:128)
	at org.openqa.selenium.remote.ProtocolHandshake.createSession(ProtocolHandshake.java:74)
	at org.openqa.selenium.remote.HttpCommandExecutor.execute(HttpCommandExecutor.java:136)
	at org.openqa.selenium.remote.service.DriverCommandExecutor.execute(DriverCommandExecutor.java:83)
	at org.openqa.selenium.remote.RemoteWebDriver.execute(RemoteWebDriver.java:552)
	at org.openqa.selenium.remote.RemoteWebDriver.startSession(RemoteWebDriver.java:213)
	at org.openqa.selenium.remote.RemoteWebDriver.&lt;init&gt;(RemoteWebDriver.java:131)
	at org.openqa.selenium.chrome.ChromeDriver.&lt;init&gt;(ChromeDriver.java:181)
	at org.openqa.selenium.chrome.ChromeDriver.&lt;init&gt;(ChromeDriver.java:168)
	at org.openqa.selenium.chrome.ChromeDriver.&lt;init&gt;(ChromeDriver.java:123)
	at com.vtiger.comcast.gereriUtility.basic_annotations.configBC(basic_annotations.java:47)
	at java.util.ArrayList.forEach(ArrayList.java:1259)
... Removed 39 stack frames</div></td></tr></table><p class="totop"><a href="#summary">back to summary</a></p>
</body>
</html>
