<?xml version="1.0" encoding="UTF-8"?>
<!-- Generated by org.testng.reporters.JUnitReportReporter -->
<testsuite skipped="2" hostname="Pradeep" name="com.vtiger.comcast.organizationtest.CreateOrgTest" tests="3" failures="0" timestamp="2022-02-01T20:43:38 IST" time="10.186" errors="1">
  <testcase name="configBC" time="10.186" classname="com.vtiger.comcast.organizationtest.CreateOrgTest">
    <error type="org.openqa.selenium.WebDriverException" message="unknown error: Chrome failed to start: exited normally.
  (chrome not reachable)
  (The process started from chrome location C:\Program Files (x86)\Google\Chrome\Application\chrome.exe is no longer running, so ChromeDriver is assuming that Chrome has crashed.)
Build info: version: &#039;3.141.59&#039;, revision: &#039;e82be7d358&#039;, time: &#039;2018-11-14T08:17:03&#039;
System info: host: &#039;PRADEEP&#039;, ip: &#039;192.168.25.1&#039;, os.name: &#039;Windows 8.1&#039;, os.arch: &#039;amd64&#039;, os.version: &#039;6.3&#039;, java.version: &#039;1.8.0_281&#039;
Driver info: driver.version: ChromeDriver
remote stacktrace: Backtrace:
	Ordinal0 [0x0143FDC3+2555331]
	Ordinal0 [0x013D77F1+2127857]
	Ordinal0 [0x012D2E08+1060360]
	Ordinal0 [0x012EEA4A+1174090]
	Ordinal0 [0x012EAFC1+1159105]
	Ordinal0 [0x0131C22F+1360431]
	Ordinal0 [0x0131BE9A+1359514]
	Ordinal0 [0x01317976+1341814]
	Ordinal0 [0x012F36B6+1193654]
	Ordinal0 [0x012F4546+1197382]
	GetHandleVerifier [0x015D9622+1619522]
	GetHandleVerifier [0x0168882C+2336844]
	GetHandleVerifier [0x014D23E1+541697]
	GetHandleVerifier [0x014D1443+537699]
	Ordinal0 [0x013DD18E+2150798]
	Ordinal0 [0x013E1518+2168088]
	Ordinal0 [0x013E1660+2168416]
	Ordinal0 [0x013EB330+2208560]
	BaseThreadInitThunk [0x75146A14+36]
	RtlInitializeExceptionChain [0x778AA9EF+143]
	RtlInitializeExceptionChain [0x778AA9BA+90]
">
      <![CDATA[org.openqa.selenium.WebDriverException: unknown error: Chrome failed to start: exited normally.
  (chrome not reachable)
  (The process started from chrome location C:\Program Files (x86)\Google\Chrome\Application\chrome.exe is no longer running, so ChromeDriver is assuming that Chrome has crashed.)
Build info: version: '3.141.59', revision: 'e82be7d358', time: '2018-11-14T08:17:03'
System info: host: 'PRADEEP', ip: '192.168.25.1', os.name: 'Windows 8.1', os.arch: 'amd64', os.version: '6.3', java.version: '1.8.0_281'
Driver info: driver.version: ChromeDriver
remote stacktrace: Backtrace:
Ordinal0 [0x0143FDC3+2555331]
Ordinal0 [0x013D77F1+2127857]
Ordinal0 [0x012D2E08+1060360]
Ordinal0 [0x012EEA4A+1174090]
Ordinal0 [0x012EAFC1+1159105]
Ordinal0 [0x0131C22F+1360431]
Ordinal0 [0x0131BE9A+1359514]
Ordinal0 [0x01317976+1341814]
Ordinal0 [0x012F36B6+1193654]
Ordinal0 [0x012F4546+1197382]
GetHandleVerifier [0x015D9622+1619522]
GetHandleVerifier [0x0168882C+2336844]
GetHandleVerifier [0x014D23E1+541697]
GetHandleVerifier [0x014D1443+537699]
Ordinal0 [0x013DD18E+2150798]
Ordinal0 [0x013E1518+2168088]
Ordinal0 [0x013E1660+2168416]
Ordinal0 [0x013EB330+2208560]
BaseThreadInitThunk [0x75146A14+36]
RtlInitializeExceptionChain [0x778AA9EF+143]
RtlInitializeExceptionChain [0x778AA9BA+90]

at sun.reflect.NativeConstructorAccessorImpl.newInstance0(Native Method)
at sun.reflect.NativeConstructorAccessorImpl.newInstance(NativeConstructorAccessorImpl.java:62)
at sun.reflect.DelegatingConstructorAccessorImpl.newInstance(DelegatingConstructorAccessorImpl.java:45)
at java.lang.reflect.Constructor.newInstance(Constructor.java:423)
at org.openqa.selenium.remote.W3CHandshakeResponse.lambda$errorHandler$0(W3CHandshakeResponse.java:62)
at org.openqa.selenium.remote.HandshakeResponse.lambda$getResponseFunction$0(HandshakeResponse.java:30)
at org.openqa.selenium.remote.ProtocolHandshake.lambda$createSession$0(ProtocolHandshake.java:126)
at java.util.stream.ReferencePipeline$3$1.accept(ReferencePipeline.java:193)
at java.util.Spliterators$ArraySpliterator.tryAdvance(Spliterators.java:958)
at java.util.stream.ReferencePipeline.forEachWithCancel(ReferencePipeline.java:126)
at java.util.stream.AbstractPipeline.copyIntoWithCancel(AbstractPipeline.java:499)
at java.util.stream.AbstractPipeline.copyInto(AbstractPipeline.java:486)
at java.util.stream.AbstractPipeline.wrapAndCopyInto(AbstractPipeline.java:472)
at java.util.stream.FindOps$FindOp.evaluateSequential(FindOps.java:152)
at java.util.stream.AbstractPipeline.evaluate(AbstractPipeline.java:234)
at java.util.stream.ReferencePipeline.findFirst(ReferencePipeline.java:464)
at org.openqa.selenium.remote.ProtocolHandshake.createSession(ProtocolHandshake.java:128)
at org.openqa.selenium.remote.ProtocolHandshake.createSession(ProtocolHandshake.java:74)
at org.openqa.selenium.remote.HttpCommandExecutor.execute(HttpCommandExecutor.java:136)
at org.openqa.selenium.remote.service.DriverCommandExecutor.execute(DriverCommandExecutor.java:83)
at org.openqa.selenium.remote.RemoteWebDriver.execute(RemoteWebDriver.java:552)
at org.openqa.selenium.remote.RemoteWebDriver.startSession(RemoteWebDriver.java:213)
at org.openqa.selenium.remote.RemoteWebDriver.<init>(RemoteWebDriver.java:131)
at org.openqa.selenium.chrome.ChromeDriver.<init>(ChromeDriver.java:181)
at org.openqa.selenium.chrome.ChromeDriver.<init>(ChromeDriver.java:168)
at org.openqa.selenium.chrome.ChromeDriver.<init>(ChromeDriver.java:123)
at com.vtiger.comcast.gereriUtility.basic_annotations.configBC(basic_annotations.java:47)
at sun.reflect.NativeMethodAccessorImpl.invoke0(Native Method)
at sun.reflect.NativeMethodAccessorImpl.invoke(NativeMethodAccessorImpl.java:62)
at sun.reflect.DelegatingMethodAccessorImpl.invoke(DelegatingMethodAccessorImpl.java:43)
at java.lang.reflect.Method.invoke(Method.java:498)
at org.testng.internal.MethodInvocationHelper.invokeMethod(MethodInvocationHelper.java:133)
at org.testng.internal.MethodInvocationHelper.invokeMethodConsideringTimeout(MethodInvocationHelper.java:62)
at org.testng.internal.ConfigInvoker.invokeConfigurationMethod(ConfigInvoker.java:385)
at org.testng.internal.ConfigInvoker.invokeConfigurations(ConfigInvoker.java:321)
at org.testng.internal.TestMethodWorker.invokeBeforeClassMethods(TestMethodWorker.java:176)
at org.testng.internal.TestMethodWorker.run(TestMethodWorker.java:122)
at java.util.ArrayList.forEach(ArrayList.java:1259)
at org.testng.TestRunner.privateRun(TestRunner.java:794)
at org.testng.TestRunner.run(TestRunner.java:596)
at org.testng.SuiteRunner.runTest(SuiteRunner.java:377)
at org.testng.SuiteRunner.runSequentially(SuiteRunner.java:371)
at org.testng.SuiteRunner.privateRun(SuiteRunner.java:332)
at org.testng.SuiteRunner.run(SuiteRunner.java:276)
at org.testng.SuiteRunnerWorker.runSuite(SuiteRunnerWorker.java:53)
at org.testng.SuiteRunnerWorker.run(SuiteRunnerWorker.java:96)
at org.testng.TestNG.runSuitesSequentially(TestNG.java:1212)
at org.testng.TestNG.runSuitesLocally(TestNG.java:1134)
at org.testng.TestNG.runSuites(TestNG.java:1063)
at org.testng.TestNG.run(TestNG.java:1031)
at org.apache.maven.surefire.testng.TestNGExecutor.run(TestNGExecutor.java:77)
at org.apache.maven.surefire.testng.TestNGDirectoryTestSuite.executeMulti(TestNGDirectoryTestSuite.java:159)
at org.apache.maven.surefire.testng.TestNGDirectoryTestSuite.execute(TestNGDirectoryTestSuite.java:99)
at org.apache.maven.surefire.testng.TestNGProvider.invoke(TestNGProvider.java:106)
at sun.reflect.NativeMethodAccessorImpl.invoke0(Native Method)
at sun.reflect.NativeMethodAccessorImpl.invoke(NativeMethodAccessorImpl.java:62)
at sun.reflect.DelegatingMethodAccessorImpl.invoke(DelegatingMethodAccessorImpl.java:43)
at java.lang.reflect.Method.invoke(Method.java:498)
at org.apache.maven.surefire.util.ReflectionUtils.invokeMethodWithArray(ReflectionUtils.java:189)
at org.apache.maven.surefire.booter.ProviderFactory$ProviderProxy.invoke(ProviderFactory.java:165)
at org.apache.maven.surefire.booter.ProviderFactory.invokeProvider(ProviderFactory.java:85)
at org.apache.maven.surefire.booter.ForkedBooter.runSuitesInProcess(ForkedBooter.java:115)
at org.apache.maven.surefire.booter.ForkedBooter.main(ForkedBooter.java:75)
]]>
    </error>
  </testcase> <!-- configBC -->
  <system-out/>
  <testcase name="createOrgTest" time="0.000" classname="com.vtiger.comcast.organizationtest.CreateOrgTest">
    <skipped/>
  </testcase> <!-- createOrgTest -->
  <system-out/>
  <testcase name="createOrgWithIndu" time="0.000" classname="com.vtiger.comcast.organizationtest.CreateOrgTest">
    <skipped/>
  </testcase> <!-- createOrgWithIndu -->
  <system-out/>
</testsuite> <!-- com.vtiger.comcast.organizationtest.CreateOrgTest -->
